\BOOKMARK [1][-]{section.1}{Einleitung}{}% 1
\BOOKMARK [2][-]{subsection.1.1}{Diamond}{section.1}% 2
\BOOKMARK [2][-]{subsection.1.2}{Lambda}{section.1}% 3
\BOOKMARK [2][-]{subsection.1.3}{Ziele}{section.1}% 4
\BOOKMARK [1][-]{section.2}{Material und Methoden}{}% 5
\BOOKMARK [2][-]{subsection.2.1}{Material}{section.2}% 6
\BOOKMARK [3][-]{subsubsection.2.1.1}{Datensets}{subsection.2.1}% 7
\BOOKMARK [3][-]{subsubsection.2.1.2}{Datenbank}{subsection.2.1}% 8
\BOOKMARK [3][-]{subsubsection.2.1.3}{Programme}{subsection.2.1}% 9
\BOOKMARK [2][-]{subsection.2.2}{Methoden}{section.2}% 10
\BOOKMARK [3][-]{subsubsection.2.2.1}{Vorarbeit}{subsection.2.2}% 11
\BOOKMARK [3][-]{subsubsection.2.2.2}{Programmausgabe}{subsection.2.2}% 12
\BOOKMARK [3][-]{subsubsection.2.2.3}{Megan}{subsection.2.2}% 13
\BOOKMARK [3][-]{subsubsection.2.2.4}{Newick}{subsection.2.2}% 14
\BOOKMARK [3][-]{subsubsection.2.2.5}{Genauigkeitsberechnungen}{subsection.2.2}% 15
\BOOKMARK [1][-]{section.3}{Ergebnisse}{}% 16
\BOOKMARK [2][-]{subsection.3.1}{Distanzverteilung}{section.3}% 17
\BOOKMARK [2][-]{subsection.3.2}{Sensitivit\344t und Pr\344zision}{section.3}% 18
\BOOKMARK [2][-]{subsection.3.3}{Laufzeitverhalten}{section.3}% 19
\BOOKMARK [1][-]{section.4}{Diskussion}{}% 20
\BOOKMARK [2][-]{subsection.4.1}{Distanzverteilung, Sensitivit\344t und Pr\344zision}{section.4}% 21
\BOOKMARK [1][-]{section.5}{Literaturverzeichnis}{}% 22
