This is pdfTeX, Version 3.1415926-2.5-1.40.14 (TeX Live 2013/TeX Live for SUSE Linux) (format=pdflatex 2014.11.19)  23 FEB 2016 14:40
entering extended mode
 restricted \write18 enabled.
 %&-line parsing enabled.
**documentation_inga.tex
(./documentation_inga.tex
LaTeX2e <2011/06/27>
Babel <3.9f> and hyphenation patterns for 78 languages loaded.
(/usr/share/texmf/tex/latex/base/article.cls
Document Class: article 2007/10/19 v1.4h Standard LaTeX document class
(/usr/share/texmf/tex/latex/base/size10.clo
File: size10.clo 2007/10/19 v1.4h Standard LaTeX file (size option)
)
\c@part=\count79
\c@section=\count80
\c@subsection=\count81
\c@subsubsection=\count82
\c@paragraph=\count83
\c@subparagraph=\count84
\c@figure=\count85
\c@table=\count86
\abovecaptionskip=\skip41
\belowcaptionskip=\skip42
\bibindent=\dimen102
)
(/usr/share/texmf/tex/generic/babel/babel.sty
Package: babel 2013/05/16 v3.9f The Babel package

(/usr/share/texmf/tex/generic/babel-german/germanb.ldf
Language: germanb 2008/06/01 v2.6m German support from the babel system

(/usr/share/texmf/tex/generic/babel/babel.def
File: babel.def 2013/05/16 v3.9f Babel common definitions
\babel@savecnt=\count87
\U@D=\dimen103
)
\l@austrian = a dialect from \language\l@german 
Package babel Info: Making " an active character on input line 102.
)
(/usr/share/texmf/tex/generic/babel-german/ngermanb.ldf
Language: ngermanb 2008/07/06 v2.6n new German support from the babel system
\l@naustrian = a dialect from \language\l@ngerman 
))
(/usr/share/texmf/tex/latex/base/inputenc.sty
Package: inputenc 2008/03/30 v1.1d Input encoding file
\inpenc@prehook=\toks14
\inpenc@posthook=\toks15

(/usr/share/texmf/tex/latex/base/utf8.def
File: utf8.def 2008/04/05 v1.1m UTF-8 support for inputenc
Now handling font encoding OML ...
... no UTF-8 mapping file for font encoding OML
Now handling font encoding T1 ...
... processing UTF-8 mapping file for font encoding T1

(/usr/share/texmf/tex/latex/base/t1enc.dfu
File: t1enc.dfu 2008/04/05 v1.1m UTF-8 support for inputenc
   defining Unicode char U+00A1 (decimal 161)
   defining Unicode char U+00A3 (decimal 163)
   defining Unicode char U+00AB (decimal 171)
   defining Unicode char U+00BB (decimal 187)
   defining Unicode char U+00BF (decimal 191)
   defining Unicode char U+00C0 (decimal 192)
   defining Unicode char U+00C1 (decimal 193)
   defining Unicode char U+00C2 (decimal 194)
   defining Unicode char U+00C3 (decimal 195)
   defining Unicode char U+00C4 (decimal 196)
   defining Unicode char U+00C5 (decimal 197)
   defining Unicode char U+00C6 (decimal 198)
   defining Unicode char U+00C7 (decimal 199)
   defining Unicode char U+00C8 (decimal 200)
   defining Unicode char U+00C9 (decimal 201)
   defining Unicode char U+00CA (decimal 202)
   defining Unicode char U+00CB (decimal 203)
   defining Unicode char U+00CC (decimal 204)
   defining Unicode char U+00CD (decimal 205)
   defining Unicode char U+00CE (decimal 206)
   defining Unicode char U+00CF (decimal 207)
   defining Unicode char U+00D0 (decimal 208)
   defining Unicode char U+00D1 (decimal 209)
   defining Unicode char U+00D2 (decimal 210)
   defining Unicode char U+00D3 (decimal 211)
   defining Unicode char U+00D4 (decimal 212)
   defining Unicode char U+00D5 (decimal 213)
   defining Unicode char U+00D6 (decimal 214)
   defining Unicode char U+00D8 (decimal 216)
   defining Unicode char U+00D9 (decimal 217)
   defining Unicode char U+00DA (decimal 218)
   defining Unicode char U+00DB (decimal 219)
   defining Unicode char U+00DC (decimal 220)
   defining Unicode char U+00DD (decimal 221)
   defining Unicode char U+00DE (decimal 222)
   defining Unicode char U+00DF (decimal 223)
   defining Unicode char U+00E0 (decimal 224)
   defining Unicode char U+00E1 (decimal 225)
   defining Unicode char U+00E2 (decimal 226)
   defining Unicode char U+00E3 (decimal 227)
   defining Unicode char U+00E4 (decimal 228)
   defining Unicode char U+00E5 (decimal 229)
   defining Unicode char U+00E6 (decimal 230)
   defining Unicode char U+00E7 (decimal 231)
   defining Unicode char U+00E8 (decimal 232)
   defining Unicode char U+00E9 (decimal 233)
   defining Unicode char U+00EA (decimal 234)
   defining Unicode char U+00EB (decimal 235)
   defining Unicode char U+00EC (decimal 236)
   defining Unicode char U+00ED (decimal 237)
   defining Unicode char U+00EE (decimal 238)
   defining Unicode char U+00EF (decimal 239)
   defining Unicode char U+00F0 (decimal 240)
   defining Unicode char U+00F1 (decimal 241)
   defining Unicode char U+00F2 (decimal 242)
   defining Unicode char U+00F3 (decimal 243)
   defining Unicode char U+00F4 (decimal 244)
   defining Unicode char U+00F5 (decimal 245)
   defining Unicode char U+00F6 (decimal 246)
   defining Unicode char U+00F8 (decimal 248)
   defining Unicode char U+00F9 (decimal 249)
   defining Unicode char U+00FA (decimal 250)
   defining Unicode char U+00FB (decimal 251)
   defining Unicode char U+00FC (decimal 252)
   defining Unicode char U+00FD (decimal 253)
   defining Unicode char U+00FE (decimal 254)
   defining Unicode char U+00FF (decimal 255)
   defining Unicode char U+0102 (decimal 258)
   defining Unicode char U+0103 (decimal 259)
   defining Unicode char U+0104 (decimal 260)
   defining Unicode char U+0105 (decimal 261)
   defining Unicode char U+0106 (decimal 262)
   defining Unicode char U+0107 (decimal 263)
   defining Unicode char U+010C (decimal 268)
   defining Unicode char U+010D (decimal 269)
   defining Unicode char U+010E (decimal 270)
   defining Unicode char U+010F (decimal 271)
   defining Unicode char U+0110 (decimal 272)
   defining Unicode char U+0111 (decimal 273)
   defining Unicode char U+0118 (decimal 280)
   defining Unicode char U+0119 (decimal 281)
   defining Unicode char U+011A (decimal 282)
   defining Unicode char U+011B (decimal 283)
   defining Unicode char U+011E (decimal 286)
   defining Unicode char U+011F (decimal 287)
   defining Unicode char U+0130 (decimal 304)
   defining Unicode char U+0131 (decimal 305)
   defining Unicode char U+0132 (decimal 306)
   defining Unicode char U+0133 (decimal 307)
   defining Unicode char U+0139 (decimal 313)
   defining Unicode char U+013A (decimal 314)
   defining Unicode char U+013D (decimal 317)
   defining Unicode char U+013E (decimal 318)
   defining Unicode char U+0141 (decimal 321)
   defining Unicode char U+0142 (decimal 322)
   defining Unicode char U+0143 (decimal 323)
   defining Unicode char U+0144 (decimal 324)
   defining Unicode char U+0147 (decimal 327)
   defining Unicode char U+0148 (decimal 328)
   defining Unicode char U+014A (decimal 330)
   defining Unicode char U+014B (decimal 331)
   defining Unicode char U+0150 (decimal 336)
   defining Unicode char U+0151 (decimal 337)
   defining Unicode char U+0152 (decimal 338)
   defining Unicode char U+0153 (decimal 339)
   defining Unicode char U+0154 (decimal 340)
   defining Unicode char U+0155 (decimal 341)
   defining Unicode char U+0158 (decimal 344)
   defining Unicode char U+0159 (decimal 345)
   defining Unicode char U+015A (decimal 346)
   defining Unicode char U+015B (decimal 347)
   defining Unicode char U+015E (decimal 350)
   defining Unicode char U+015F (decimal 351)
   defining Unicode char U+0160 (decimal 352)
   defining Unicode char U+0161 (decimal 353)
   defining Unicode char U+0162 (decimal 354)
   defining Unicode char U+0163 (decimal 355)
   defining Unicode char U+0164 (decimal 356)
   defining Unicode char U+0165 (decimal 357)
   defining Unicode char U+016E (decimal 366)
   defining Unicode char U+016F (decimal 367)
   defining Unicode char U+0170 (decimal 368)
   defining Unicode char U+0171 (decimal 369)
   defining Unicode char U+0178 (decimal 376)
   defining Unicode char U+0179 (decimal 377)
   defining Unicode char U+017A (decimal 378)
   defining Unicode char U+017B (decimal 379)
   defining Unicode char U+017C (decimal 380)
   defining Unicode char U+017D (decimal 381)
   defining Unicode char U+017E (decimal 382)
   defining Unicode char U+200C (decimal 8204)
   defining Unicode char U+2013 (decimal 8211)
   defining Unicode char U+2014 (decimal 8212)
   defining Unicode char U+2018 (decimal 8216)
   defining Unicode char U+2019 (decimal 8217)
   defining Unicode char U+201A (decimal 8218)
   defining Unicode char U+201C (decimal 8220)
   defining Unicode char U+201D (decimal 8221)
   defining Unicode char U+201E (decimal 8222)
   defining Unicode char U+2030 (decimal 8240)
   defining Unicode char U+2031 (decimal 8241)
   defining Unicode char U+2039 (decimal 8249)
   defining Unicode char U+203A (decimal 8250)
   defining Unicode char U+2423 (decimal 9251)
)
Now handling font encoding OT1 ...
... processing UTF-8 mapping file for font encoding OT1

(/usr/share/texmf/tex/latex/base/ot1enc.dfu
File: ot1enc.dfu 2008/04/05 v1.1m UTF-8 support for inputenc
   defining Unicode char U+00A1 (decimal 161)
   defining Unicode char U+00A3 (decimal 163)
   defining Unicode char U+00B8 (decimal 184)
   defining Unicode char U+00BF (decimal 191)
   defining Unicode char U+00C5 (decimal 197)
   defining Unicode char U+00C6 (decimal 198)
   defining Unicode char U+00D8 (decimal 216)
   defining Unicode char U+00DF (decimal 223)
   defining Unicode char U+00E6 (decimal 230)
   defining Unicode char U+00EC (decimal 236)
   defining Unicode char U+00ED (decimal 237)
   defining Unicode char U+00EE (decimal 238)
   defining Unicode char U+00EF (decimal 239)
   defining Unicode char U+00F8 (decimal 248)
   defining Unicode char U+0131 (decimal 305)
   defining Unicode char U+0141 (decimal 321)
   defining Unicode char U+0142 (decimal 322)
   defining Unicode char U+0152 (decimal 338)
   defining Unicode char U+0153 (decimal 339)
   defining Unicode char U+2013 (decimal 8211)
   defining Unicode char U+2014 (decimal 8212)
   defining Unicode char U+2018 (decimal 8216)
   defining Unicode char U+2019 (decimal 8217)
   defining Unicode char U+201C (decimal 8220)
   defining Unicode char U+201D (decimal 8221)
)
Now handling font encoding OMS ...
... processing UTF-8 mapping file for font encoding OMS

(/usr/share/texmf/tex/latex/base/omsenc.dfu
File: omsenc.dfu 2008/04/05 v1.1m UTF-8 support for inputenc
   defining Unicode char U+00A7 (decimal 167)
   defining Unicode char U+00B6 (decimal 182)
   defining Unicode char U+00B7 (decimal 183)
   defining Unicode char U+2020 (decimal 8224)
   defining Unicode char U+2021 (decimal 8225)
   defining Unicode char U+2022 (decimal 8226)
)
Now handling font encoding OMX ...
... no UTF-8 mapping file for font encoding OMX
Now handling font encoding U ...
... no UTF-8 mapping file for font encoding U
   defining Unicode char U+00A9 (decimal 169)
   defining Unicode char U+00AA (decimal 170)
   defining Unicode char U+00AE (decimal 174)
   defining Unicode char U+00BA (decimal 186)
   defining Unicode char U+02C6 (decimal 710)
   defining Unicode char U+02DC (decimal 732)
   defining Unicode char U+200C (decimal 8204)
   defining Unicode char U+2026 (decimal 8230)
   defining Unicode char U+2122 (decimal 8482)
   defining Unicode char U+2423 (decimal 9251)
))
(/usr/share/texmf/tex/latex/base/fontenc.sty
Package: fontenc 2005/09/27 v1.99g Standard LaTeX package

(/usr/share/texmf/tex/latex/base/t1enc.def
File: t1enc.def 2005/09/27 v1.99g Standard LaTeX file
LaTeX Font Info:    Redeclaring font encoding T1 on input line 43.
))
(/usr/share/texmf/tex/latex/hyperref/hyperref.sty
Package: hyperref 2012/11/06 v6.83m Hypertext links for LaTeX

(/usr/share/texmf/tex/generic/oberdiek/hobsub-hyperref.sty
Package: hobsub-hyperref 2012/05/28 v1.13 Bundle oberdiek, subset hyperref (HO)


(/usr/share/texmf/tex/generic/oberdiek/hobsub-generic.sty
Package: hobsub-generic 2012/05/28 v1.13 Bundle oberdiek, subset generic (HO)
Package: hobsub 2012/05/28 v1.13 Construct package bundles (HO)
Package: infwarerr 2010/04/08 v1.3 Providing info/warning/error messages (HO)
Package: ltxcmds 2011/11/09 v1.22 LaTeX kernel commands for general use (HO)
Package: ifluatex 2010/03/01 v1.3 Provides the ifluatex switch (HO)
Package ifluatex Info: LuaTeX not detected.
Package: ifvtex 2010/03/01 v1.5 Detect VTeX and its facilities (HO)
Package ifvtex Info: VTeX not detected.
Package: intcalc 2007/09/27 v1.1 Expandable calculations with integers (HO)
Package: ifpdf 2011/01/30 v2.3 Provides the ifpdf switch (HO)
Package ifpdf Info: pdfTeX in PDF mode is detected.
Package: etexcmds 2011/02/16 v1.5 Avoid name clashes with e-TeX commands (HO)
Package etexcmds Info: Could not find \expanded.
(etexcmds)             That can mean that you are not using pdfTeX 1.50 or
(etexcmds)             that some package has redefined \expanded.
(etexcmds)             In the latter case, load this package earlier.
Package: kvsetkeys 2012/04/25 v1.16 Key value parser (HO)
Package: kvdefinekeys 2011/04/07 v1.3 Define keys (HO)
Package: pdftexcmds 2011/11/29 v0.20 Utility functions of pdfTeX for LuaTeX (HO
)
Package pdftexcmds Info: LuaTeX not detected.
Package pdftexcmds Info: \pdf@primitive is available.
Package pdftexcmds Info: \pdf@ifprimitive is available.
Package pdftexcmds Info: \pdfdraftmode found.
Package: pdfescape 2011/11/25 v1.13 Implements pdfTeX's escape features (HO)
Package: bigintcalc 2012/04/08 v1.3 Expandable calculations on big integers (HO
)
Package: bitset 2011/01/30 v1.1 Handle bit-vector datatype (HO)
Package: uniquecounter 2011/01/30 v1.2 Provide unlimited unique counter (HO)
)
Package hobsub Info: Skipping package `hobsub' (already loaded).
Package: letltxmacro 2010/09/02 v1.4 Let assignment for LaTeX macros (HO)
Package: hopatch 2012/05/28 v1.2 Wrapper for package hooks (HO)
Package: xcolor-patch 2011/01/30 xcolor patch
Package: atveryend 2011/06/30 v1.8 Hooks at the very end of document (HO)
Package atveryend Info: \enddocument detected (standard20110627).
Package: atbegshi 2011/10/05 v1.16 At begin shipout hook (HO)
Package: refcount 2011/10/16 v3.4 Data extraction from label references (HO)
Package: hycolor 2011/01/30 v1.7 Color options for hyperref/bookmark (HO)
)
(/usr/share/texmf/tex/latex/graphics/keyval.sty
Package: keyval 1999/03/16 v1.13 key=value parser (DPC)
\KV@toks@=\toks16
)
(/usr/share/texmf/tex/generic/ifxetex/ifxetex.sty
Package: ifxetex 2010/09/12 v0.6 Provides ifxetex conditional
)
(/usr/share/texmf/tex/latex/oberdiek/auxhook.sty
Package: auxhook 2011/03/04 v1.3 Hooks for auxiliary files (HO)
)
(/usr/share/texmf/tex/latex/oberdiek/kvoptions.sty
Package: kvoptions 2011/06/30 v3.11 Key value format for package options (HO)
)
\@linkdim=\dimen104
\Hy@linkcounter=\count88
\Hy@pagecounter=\count89

(/usr/share/texmf/tex/latex/hyperref/pd1enc.def
File: pd1enc.def 2012/11/06 v6.83m Hyperref: PDFDocEncoding definition (HO)
Now handling font encoding PD1 ...
... no UTF-8 mapping file for font encoding PD1
)
\Hy@SavedSpaceFactor=\count90

(/usr/share/texmf/tex/latex/latexconfig/hyperref.cfg
File: hyperref.cfg 2002/06/06 v1.2 hyperref configuration of TeXLive
)
Package hyperref Info: Hyper figures OFF on input line 4443.
Package hyperref Info: Link nesting OFF on input line 4448.
Package hyperref Info: Hyper index ON on input line 4451.
Package hyperref Info: Plain pages OFF on input line 4458.
Package hyperref Info: Backreferencing OFF on input line 4463.
Package hyperref Info: Implicit mode ON; LaTeX internals redefined.
Package hyperref Info: Bookmarks ON on input line 4688.
\c@Hy@tempcnt=\count91

(/usr/share/texmf/tex/latex/url/url.sty
\Urlmuskip=\muskip10
Package: url 2006/04/12  ver 3.3  Verb mode for urls, etc.
)
LaTeX Info: Redefining \url on input line 5041.
\XeTeXLinkMargin=\dimen105
\Fld@menulength=\count92
\Field@Width=\dimen106
\Fld@charsize=\dimen107
Package hyperref Info: Hyper figures OFF on input line 6295.
Package hyperref Info: Link nesting OFF on input line 6300.
Package hyperref Info: Hyper index ON on input line 6303.
Package hyperref Info: backreferencing OFF on input line 6310.
Package hyperref Info: Link coloring OFF on input line 6315.
Package hyperref Info: Link coloring with OCG OFF on input line 6320.
Package hyperref Info: PDF/A mode OFF on input line 6325.
LaTeX Info: Redefining \ref on input line 6365.
LaTeX Info: Redefining \pageref on input line 6369.
\Hy@abspage=\count93
\c@Item=\count94
\c@Hfootnote=\count95
)

Package hyperref Message: Driver (autodetected): hpdftex.

(/usr/share/texmf/tex/latex/hyperref/hpdftex.def
File: hpdftex.def 2012/11/06 v6.83m Hyperref driver for pdfTeX
\Fld@listcount=\count96
\c@bookmark@seq@number=\count97

(/usr/share/texmf/tex/latex/oberdiek/rerunfilecheck.sty
Package: rerunfilecheck 2011/04/15 v1.7 Rerun checks for auxiliary files (HO)
Package uniquecounter Info: New unique counter `rerunfilecheck' on input line 2
82.
)
\Hy@SectionHShift=\skip43
)
(/usr/share/texmf/tex/generic/ulem/ulem.sty
\UL@box=\box26
\UL@hyphenbox=\box27
\UL@skip=\skip44
\UL@hook=\toks17
\UL@height=\dimen108
\UL@pe=\count98
\UL@pixel=\dimen109
\ULC@box=\box28
Package: ulem 2012/05/18
\ULdepth=\dimen110
)
(/usr/share/texmf/tex/latex/graphics/graphicx.sty
Package: graphicx 1999/02/16 v1.0f Enhanced LaTeX Graphics (DPC,SPQR)

(/usr/share/texmf/tex/latex/graphics/graphics.sty
Package: graphics 2009/02/05 v1.0o Standard LaTeX Graphics (DPC,SPQR)

(/usr/share/texmf/tex/latex/graphics/trig.sty
Package: trig 1999/03/16 v1.09 sin cos tan (DPC)
)
(/usr/share/texmf/tex/latex/latexconfig/graphics.cfg
File: graphics.cfg 2010/04/23 v1.9 graphics configuration of TeX Live
)
Package graphics Info: Driver file: pdftex.def on input line 91.

(/usr/share/texmf/tex/latex/pdftex-def/pdftex.def
File: pdftex.def 2011/05/27 v0.06d Graphics/color for pdfTeX
\Gread@gobject=\count99
))
\Gin@req@height=\dimen111
\Gin@req@width=\dimen112
)
(/usr/share/texmf/tex/latex/float/float.sty
Package: float 2001/11/08 v1.3d Float enhancements (AL)
\c@float@type=\count100
\float@exts=\toks18
\float@box=\box29
\@float@everytoks=\toks19
\@floatcapt=\box30
)
(/usr/share/texmf/tex/latex/setspace/setspace.sty
Package: setspace 2011/12/19 v6.7a set line spacing
)
(/usr/share/texmf/tex/latex/numprint/numprint.sty
Package: numprint 2012/08/20 v1.39 Print numbers (HH)

(/usr/share/texmf/tex/latex/tools/array.sty
Package: array 2008/09/09 v2.4c Tabular extension package (FMi)
\col@sep=\dimen113
\extrarowheight=\dimen114
\NC@list=\toks20
\extratabsurround=\skip45
\backup@length=\skip46
)
\c@nprt@mantissa@digitsbefore=\count101
\c@nprt@mantissa@digitsafter=\count102
\c@nprt@exponent@digitsbefore=\count103
\c@nprt@exponent@digitsafter=\count104
\nprt@digitwidth=\skip47
\nprt@sepwidth=\skip48
\nprt@decimalwidth=\skip49
\nprt@blockwidth=\skip50
\nprt@digittoks=\toks21
\nprt@pretoks=\toks22
\nprt@posttoks=\toks23
\nprt@thisdigit=\count105
\nprt@curpos=\count106
\nprt@rndpos=\count107
\c@nprt@digitsfirstblock=\count108
\c@nprt@blockcnt=\count109
\c@nprt@cntprint=\count110

No configuration file `numprint.cfg' found.) (./documentation_inga.aux)
\openout1 = `documentation_inga.aux'.

LaTeX Font Info:    Checking defaults for OML/cmm/m/it on input line 20.
LaTeX Font Info:    ... okay on input line 20.
LaTeX Font Info:    Checking defaults for T1/cmr/m/n on input line 20.
LaTeX Font Info:    ... okay on input line 20.
LaTeX Font Info:    Checking defaults for OT1/cmr/m/n on input line 20.
LaTeX Font Info:    ... okay on input line 20.
LaTeX Font Info:    Checking defaults for OMS/cmsy/m/n on input line 20.
LaTeX Font Info:    ... okay on input line 20.
LaTeX Font Info:    Checking defaults for OMX/cmex/m/n on input line 20.
LaTeX Font Info:    ... okay on input line 20.
LaTeX Font Info:    Checking defaults for U/cmr/m/n on input line 20.
LaTeX Font Info:    ... okay on input line 20.
LaTeX Font Info:    Checking defaults for PD1/pdf/m/n on input line 20.
LaTeX Font Info:    ... okay on input line 20.
\AtBeginShipoutBox=\box31
Package hyperref Info: Link coloring OFF on input line 20.

(/usr/share/texmf/tex/latex/hyperref/nameref.sty
Package: nameref 2012/10/27 v2.43 Cross-referencing by name of section

(/usr/share/texmf/tex/generic/oberdiek/gettitlestring.sty
Package: gettitlestring 2010/12/03 v1.4 Cleanup title references (HO)
)
\c@section@level=\count111
)
LaTeX Info: Redefining \ref on input line 20.
LaTeX Info: Redefining \pageref on input line 20.
LaTeX Info: Redefining \nameref on input line 20.

(./documentation_inga.out) (./documentation_inga.out)
\@outlinefile=\write3
\openout3 = `documentation_inga.out'.


(/usr/share/texmf/tex/context/base/supp-pdf.mkii
[Loading MPS to PDF converter (version 2006.09.02).]
\scratchcounter=\count112
\scratchdimen=\dimen115
\scratchbox=\box32
\nofMPsegments=\count113
\nofMParguments=\count114
\everyMPshowfont=\toks24
\MPscratchCnt=\count115
\MPscratchDim=\dimen116
\MPnumerator=\count116
\makeMPintoPDFobject=\count117
\everyMPtoPDFconversion=\toks25
) (/usr/share/texmf/tex/latex/oberdiek/epstopdf-base.sty
Package: epstopdf-base 2010/02/09 v2.5 Base part for package epstopdf

(/usr/share/texmf/tex/latex/oberdiek/grfext.sty
Package: grfext 2010/08/19 v1.1 Manage graphics extensions (HO)
)
Package grfext Info: Graphics extension search list:
(grfext)             [.png,.pdf,.jpg,.mps,.jpeg,.jbig2,.jb2,.PNG,.PDF,.JPG,.JPE
G,.JBIG2,.JB2,.eps]
(grfext)             \AppendGraphicsExtensions on input line 452.

(/usr/share/texmf/tex/latex/latexconfig/epstopdf-sys.cfg
File: epstopdf-sys.cfg 2010/07/13 v1.3 Configuration of (r)epstopdf for TeX Liv
e
))
<secondlogo.png, id=92, 200.75pt x 80.3pt>
File: secondlogo.png Graphic file (type png)
 <use secondlogo.png>
Package pdftex.def Info: secondlogo.png used on input line 23.
(pdftex.def)             Requested size: 86.25pt x 34.50014pt.
Package babel Info: Redefining ngerman shorthand "|
(babel)             in language append on input line 41.
Package babel Info: Redefining ngerman shorthand "~
(babel)             in language append on input line 41.
Package babel Info: Redefining ngerman shorthand "|
(babel)             in language append on input line 41.
Package babel Info: Redefining ngerman shorthand "~
(babel)             in language append on input line 41.
 [1

{/usr/share/texmf/fonts/map/pdftex/updmap/pdftex.map} <./secondlogo.png>]
(./documentation_inga.toc
LaTeX Font Info:    External font `cmex10' loaded for size
(Font)              <7> on input line 3.
LaTeX Font Info:    External font `cmex10' loaded for size
(Font)              <5> on input line 3.
)
\tf@toc=\write4
\openout4 = `documentation_inga.toc'.

Package babel Info: Redefining ngerman shorthand "|
(babel)             in language append on input line 46.
Package babel Info: Redefining ngerman shorthand "~
(babel)             in language append on input line 46.
Package babel Info: Redefining ngerman shorthand "|
(babel)             in language append on input line 46.
Package babel Info: Redefining ngerman shorthand "~
(babel)             in language append on input line 46.
 [2] (./documentation_inga.lof)
\tf@lof=\write5
\openout5 = `documentation_inga.lof'.

Package babel Info: Redefining ngerman shorthand "|
(babel)             in language append on input line 48.
Package babel Info: Redefining ngerman shorthand "~
(babel)             in language append on input line 48.
Package babel Info: Redefining ngerman shorthand "|
(babel)             in language append on input line 48.
Package babel Info: Redefining ngerman shorthand "~
(babel)             in language append on input line 48.
 [3]
Package babel Info: Redefining ngerman shorthand "|
(babel)             in language append on input line 49.
Package babel Info: Redefining ngerman shorthand "~
(babel)             in language append on input line 49.

<Abbildungen/metagenome-steps.jpg, id=159, 367.3725pt x 271.4943pt>
File: Abbildungen/metagenome-steps.jpg Graphic file (type jpg)

<use Abbildungen/metagenome-steps.jpg>
Package pdftex.def Info: Abbildungen/metagenome-steps.jpg used on input line 56
.
(pdftex.def)             Requested size: 345.02187pt x 254.97679pt.

Underfull \hbox (badness 10000) in paragraph at lines 50--58

 []

Package babel Info: Redefining ngerman shorthand "|
(babel)             in language append on input line 61.
Package babel Info: Redefining ngerman shorthand "~
(babel)             in language append on input line 61.
<Abbildungen/diamond_spacedSeeds.jpg, id=161, 661.47125pt x 200.75pt>
File: Abbildungen/diamond_spacedSeeds.jpg Graphic file (type jpg)

<use Abbildungen/diamond_spacedSeeds.jpg>
Package pdftex.def Info: Abbildungen/diamond_spacedSeeds.jpg used on input line
 66.
(pdftex.def)             Requested size: 344.99654pt x 104.70303pt.

Overfull \hbox (0.69336pt too wide) in paragraph at lines 62--72
\T1/cmr/m/n/10 Um ei-ne Er-wei-te-rung im Ex-tend-schritt durch-zu-füh-ren, übe
r-prüft das Pro-gramm,
 []


Underfull \hbox (badness 10000) in paragraph at lines 62--72

 []

Package babel Info: Redefining ngerman shorthand "|
(babel)             in language append on input line 72.
Package babel Info: Redefining ngerman shorthand "~
(babel)             in language append on input line 72.
Package babel Info: Redefining ngerman shorthand "|
(babel)             in language append on input line 72.
Package babel Info: Redefining ngerman shorthand "~
(babel)             in language append on input line 72.
[4pdfTeX warning (ext4): destination with the same identifier (name{figure.1}) 
has been already used, duplicate ignored

\AtBegShi@Output ...ipout \box \AtBeginShipoutBox 
                                                  \fi \fi 
l.72 
      <./Abbildungen/metagenome-steps.jpg>]
Package babel Info: Redefining ngerman shorthand "|
(babel)             in language append on input line 73.
Package babel Info: Redefining ngerman shorthand "~
(babel)             in language append on input line 73.
Package babel Info: Redefining ngerman shorthand "|
(babel)             in language append on input line 76.
Package babel Info: Redefining ngerman shorthand "~
(babel)             in language append on input line 76.
Package babel Info: Redefining ngerman shorthand "|
(babel)             in language append on input line 76.
Package babel Info: Redefining ngerman shorthand "~
(babel)             in language append on input line 76.
 [5pdfTeX warning (ext4): destination with the same identifier (name{figure.2})
 has been already used, duplicate ignored

\AtBegShi@Output ...ipout \box \AtBeginShipoutBox 
                                                  \fi \fi 
l.76     \newpage
                  <./Abbildungen/diamond_spacedSeeds.jpg>]
Package babel Info: Redefining ngerman shorthand "|
(babel)             in language append on input line 77.
Package babel Info: Redefining ngerman shorthand "~
(babel)             in language append on input line 77.
LaTeX Font Info:    Try loading font information for OMS+cmr on input line 83.

(/usr/share/texmf/tex/latex/base/omscmr.fd
File: omscmr.fd 1999/05/25 v2.5h Standard LaTeX font definitions
)
LaTeX Font Info:    Font shape `OMS/cmr/m/n' in size <10> not available
(Font)              Font shape `OMS/cmsy/m/n' tried instead on input line 83.
Package babel Info: Redefining ngerman shorthand "|
(babel)             in language append on input line 93.
Package babel Info: Redefining ngerman shorthand "~
(babel)             in language append on input line 93.
Package babel Info: Redefining ngerman shorthand "|
(babel)             in language append on input line 93.
Package babel Info: Redefining ngerman shorthand "~
(babel)             in language append on input line 93.
 [6]
Package babel Info: Redefining ngerman shorthand "|
(babel)             in language append on input line 94.
Package babel Info: Redefining ngerman shorthand "~
(babel)             in language append on input line 94.
Package babel Info: Redefining ngerman shorthand "|
(babel)             in language append on input line 96.
Package babel Info: Redefining ngerman shorthand "~
(babel)             in language append on input line 96.
Package babel Info: Redefining ngerman shorthand "|
(babel)             in language append on input line 103.
Package babel Info: Redefining ngerman shorthand "~
(babel)             in language append on input line 103.
LaTeX Font Info:    Try loading font information for T1+cmtt on input line 121.


(/usr/share/texmf/tex/latex/base/t1cmtt.fd
File: t1cmtt.fd 1999/05/25 v2.5h Standard LaTeX font definitions
)
Overfull \hbox (5.48038pt too wide) in paragraph at lines 115--124
[]\T1/cmr/m/it/10 CARMA 265bp $\OMS/cmsy/m/n/10 ^^@$ \T1/cmr/m/n/10 Da-ten-set 
be-ste-hend aus \T1/cmr/bx/n/10 25.000 si-mu-lier-ten 454 Reads
 []


Overfull \hbox (6.5593pt too wide) in paragraph at lines 115--124
\T1/cmr/m/n/10 dem Link []$\T1/cmtt/m/n/10 http : / / wwww . cebitec . uni-[]bi
elefeld . de / webcarma . cebitec .
 []


Overfull \hbox (3.04614pt too wide) in paragraph at lines 125--134
\T1/cmr/m/n/10 von 31 phy-lo-ge-ne-ti-schen Mar-kern bak-te-ri-el-ler Ge-no-me 
mit ei-ner dur-schnitt-
 []

Package babel Info: Redefining ngerman shorthand "|
(babel)             in language append on input line 146.
Package babel Info: Redefining ngerman shorthand "~
(babel)             in language append on input line 146.
Package babel Info: Redefining ngerman shorthand "|
(babel)             in language append on input line 146.
Package babel Info: Redefining ngerman shorthand "~
(babel)             in language append on input line 146.
[7]
Package babel Info: Redefining ngerman shorthand "|
(babel)             in language append on input line 167.
Package babel Info: Redefining ngerman shorthand "~
(babel)             in language append on input line 167.
Package babel Info: Redefining ngerman shorthand "|
(babel)             in language append on input line 173.
Package babel Info: Redefining ngerman shorthand "~
(babel)             in language append on input line 173.

Overfull \hbox (50.66489pt too wide) in paragraph at lines 183--186
[]\T1/cmr/m/n/10 cmake -DCMAKE_C_COMPILER=/usr/local/zbhtools/gcc/gcc-5.1.0/bin
/gcc
 []


Overfull \hbox (42.889pt too wide) in paragraph at lines 183--186
\T1/cmr/m/n/10 -DCMAKE_CXX_COMPILER=/usr/local/zbhtools/gcc/gcc-5.1.0/bin/g++
 []

Package babel Info: Redefining ngerman shorthand "|
(babel)             in language append on input line 186.
Package babel Info: Redefining ngerman shorthand "~
(babel)             in language append on input line 186.
Package babel Info: Redefining ngerman shorthand "|
(babel)             in language append on input line 186.
Package babel Info: Redefining ngerman shorthand "~
(babel)             in language append on input line 186.
[8]
Overfull \hbox (20.63907pt too wide) in paragraph at lines 188--189
\T1/cmr/m/n/10 Um das Pro-gramm Lamb-da aus-füh-ren zu kön-nen muss-te die UniP
rotKB/Swiss-
 []


Overfull \hbox (13.42398pt too wide) in paragraph at lines 207--208
[]\T1/cmr/m/n/10 cmake -DCMAKE_INSTALL_PREFIX=$/work/gi/software/diamond 
 []


Overfull \hbox (44.47195pt too wide) in paragraph at lines 212--213
[]\T1/cmr/m/n/10 diamond ma-kedb --in uni-prot_sprot.fasta -d dia-mon-duni-prot
_sprot.fasta.dmnd 
 []


Overfull \hbox (37.3851pt too wide) in paragraph at lines 222--228
\T1/cmr/m/n/10 Web-si-te []$\T1/cmtt/m/n/10 http : / / ab . inf . uni-[]tuebing
en . de / data / software / megan5 / download /
 []


Overfull \hbox (4.76918pt too wide) in paragraph at lines 222--228
\T1/cmr/m/n/10 dern sp- Num-mern ge-ne-riert. Aus die-sem Grund wur-de die $\OT
1/cmr/m/n/10 "$\T1/cmr/m/n/10 idmapping.dat"
 []


Overfull \hbox (23.55502pt too wide) in paragraph at lines 222--228
\T1/cmr/m/n/10 von der Web-si-te []$\T1/cmtt/m/n/10 ftp : / / ftp . uniprot . o
rg / pub / databases / uniprot / current _
 []

Package babel Info: Redefining ngerman shorthand "|
(babel)             in language append on input line 228.
Package babel Info: Redefining ngerman shorthand "~
(babel)             in language append on input line 228.
Package babel Info: Redefining ngerman shorthand "|
(babel)             in language append on input line 228.
Package babel Info: Redefining ngerman shorthand "~
(babel)             in language append on input line 228.
[9]
Package babel Info: Redefining ngerman shorthand "|
(babel)             in language append on input line 230.
Package babel Info: Redefining ngerman shorthand "~
(babel)             in language append on input line 230.
Package babel Info: Redefining ngerman shorthand "|
(babel)             in language append on input line 231.
Package babel Info: Redefining ngerman shorthand "~
(babel)             in language append on input line 231.
Package babel Info: Redefining ngerman shorthand "|
(babel)             in language append on input line 232.
Package babel Info: Redefining ngerman shorthand "~
(babel)             in language append on input line 232.
Package babel Info: Redefining ngerman shorthand "|
(babel)             in language append on input line 233.
Package babel Info: Redefining ngerman shorthand "~
(babel)             in language append on input line 233.
Package babel Info: Redefining ngerman shorthand "|
(babel)             in language append on input line 234.
Package babel Info: Redefining ngerman shorthand "~
(babel)             in language append on input line 234.
Package babel Info: Redefining ngerman shorthand "|
(babel)             in language append on input line 235.
Package babel Info: Redefining ngerman shorthand "~
(babel)             in language append on input line 235.
Package babel Info: Redefining ngerman shorthand "|
(babel)             in language append on input line 238.
Package babel Info: Redefining ngerman shorthand "~
(babel)             in language append on input line 238.
Package babel Info: Redefining ngerman shorthand "|
(babel)             in language append on input line 238.
Package babel Info: Redefining ngerman shorthand "~
(babel)             in language append on input line 238.
 [10]
Package babel Info: Redefining ngerman shorthand "|
(babel)             in language append on input line 239.
Package babel Info: Redefining ngerman shorthand "~
(babel)             in language append on input line 239.
Package babel Info: Redefining ngerman shorthand "|
(babel)             in language append on input line 240.
Package babel Info: Redefining ngerman shorthand "~
(babel)             in language append on input line 240.

<Abbildungen/Carma_Distanzen_both.png, id=248, 3303.542pt x 3797.46pt>
File: Abbildungen/Carma_Distanzen_both.png Graphic file (type png)

<use Abbildungen/Carma_Distanzen_both.png>
Package pdftex.def Info: Abbildungen/Carma_Distanzen_both.png used on input lin
e 247.
(pdftex.def)             Requested size: 321.7538pt x 369.85974pt.

<Abbildungen/Facs_Distanzen_both.png, id=249, 3823.886pt x 4144.84875pt>
File: Abbildungen/Facs_Distanzen_both.png Graphic file (type png)

<use Abbildungen/Facs_Distanzen_both.png>
Package pdftex.def Info: Abbildungen/Facs_Distanzen_both.png used on input line
 255.
(pdftex.def)             Requested size: 341.21751pt x 369.85803pt.
Package babel Info: Redefining ngerman shorthand "|
(babel)             in language append on input line 258.
Package babel Info: Redefining ngerman shorthand "~
(babel)             in language append on input line 258.
Package babel Info: Redefining ngerman shorthand "|
(babel)             in language append on input line 258.
Package babel Info: Redefining ngerman shorthand "~
(babel)             in language append on input line 258.
 [11pdfTeX warning (ext4): destination with the same identifier (name{figure.3}
) has been already used, duplicate ignored

\AtBegShi@Output ...ipout \box \AtBeginShipoutBox 
                                                  \fi \fi 
l.258 
       <./Abbildungen/Carma_Distanzen_both.png>]
<Abbildungen/PhyloPythia_Distanzen_both.png, id=256, 5564.79pt x 4057.79625pt>
File: Abbildungen/PhyloPythia_Distanzen_both.png Graphic file (type png)

<use Abbildungen/PhyloPythia_Distanzen_both.png>
Package pdftex.def Info: Abbildungen/PhyloPythia_Distanzen_both.png used on inp
ut line 262.
(pdftex.def)             Requested size: 344.99643pt x 251.56839pt.
Package babel Info: Redefining ngerman shorthand "|
(babel)             in language append on input line 265.
Package babel Info: Redefining ngerman shorthand "~
(babel)             in language append on input line 265.
Package babel Info: Redefining ngerman shorthand "|
(babel)             in language append on input line 265.
Package babel Info: Redefining ngerman shorthand "~
(babel)             in language append on input line 265.
 [12pdfTeX warning (ext4): destination with the same identifier (name{figure.4}
) has been already used, duplicate ignored

\AtBegShi@Output ...ipout \box \AtBeginShipoutBox 
                                                  \fi \fi 
l.265     D
           ie jeweiligen Ergebnisse der beiden Programme f\"ur die \"ubrigen...
 <./Abbildungen/Facs_Distanzen_both.png>]
<Abbildungen/Metaphyler_Distanzen_both.png, id=261, 3132.503pt x 3658.66875pt>
File: Abbildungen/Metaphyler_Distanzen_both.png Graphic file (type png)

<use Abbildungen/Metaphyler_Distanzen_both.png>
Package pdftex.def Info: Abbildungen/Metaphyler_Distanzen_both.png used on inpu
t line 273.
(pdftex.def)             Requested size: 344.95879pt x 402.90143pt.
Package babel Info: Redefining ngerman shorthand "|
(babel)             in language append on input line 276.
Package babel Info: Redefining ngerman shorthand "~
(babel)             in language append on input line 276.
Package babel Info: Redefining ngerman shorthand "|
(babel)             in language append on input line 276.
Package babel Info: Redefining ngerman shorthand "~
(babel)             in language append on input line 276.
 [13pdfTeX warning (ext4): destination with the same identifier (name{figure.5}
) has been already used, duplicate ignored

\AtBegShi@Output ...ipout \box \AtBeginShipoutBox 
                                                  \fi \fi 
l.276 
       <./Abbildungen/PhyloPythia_Distanzen_both.png>]
<Abbildungen/PhymmBL_Distanzen_both.png, id=267, 3135.715pt x 3368.7675pt>
File: Abbildungen/PhymmBL_Distanzen_both.png Graphic file (type png)

<use Abbildungen/PhymmBL_Distanzen_both.png>
Package pdftex.def Info: Abbildungen/PhymmBL_Distanzen_both.png used on input l
ine 281.
(pdftex.def)             Requested size: 344.97757pt x 370.61697pt.
Package babel Info: Redefining ngerman shorthand "|
(babel)             in language append on input line 284.
Package babel Info: Redefining ngerman shorthand "~
(babel)             in language append on input line 284.
Package babel Info: Redefining ngerman shorthand "|
(babel)             in language append on input line 284.
Package babel Info: Redefining ngerman shorthand "~
(babel)             in language append on input line 284.
 [14pdfTeX warning (ext4): destination with the same identifier (name{figure.6}
) has been already used, duplicate ignored

\AtBegShi@Output ...ipout \box \AtBeginShipoutBox 
                                                  \fi \fi 
l.284 
       <./Abbildungen/Metaphyler_Distanzen_both.png>]
<Abbildungen/RAIphy_Distanzen_both.png, id=272, 3413.553pt x 3180.70125pt>
File: Abbildungen/RAIphy_Distanzen_both.png Graphic file (type png)

<use Abbildungen/RAIphy_Distanzen_both.png>
Package pdftex.def Info: Abbildungen/RAIphy_Distanzen_both.png used on input li
ne 288.
(pdftex.def)             Requested size: 344.96927pt x 321.43758pt.
Package babel Info: Redefining ngerman shorthand "|
(babel)             in language append on input line 291.
Package babel Info: Redefining ngerman shorthand "~
(babel)             in language append on input line 291.
Package babel Info: Redefining ngerman shorthand "|
(babel)             in language append on input line 291.
Package babel Info: Redefining ngerman shorthand "~
(babel)             in language append on input line 291.
 [15pdfTeX warning (ext4): destination with the same identifier (name{figure.7}
) has been already used, duplicate ignored

\AtBegShi@Output ...ipout \box \AtBeginShipoutBox 
                                                  \fi \fi 
l.291 
       <./Abbildungen/PhymmBL_Distanzen_both.png>]
Package babel Info: Redefining ngerman shorthand "|
(babel)             in language append on input line 294.
Package babel Info: Redefining ngerman shorthand "~
(babel)             in language append on input line 294.
Package babel Info: Redefining ngerman shorthand "|
(babel)             in language append on input line 294.
Package babel Info: Redefining ngerman shorthand "~
(babel)             in language append on input line 294.
 [16pdfTeX warning (ext4): destination with the same identifier (name{figure.8}
) has been already used, duplicate ignored

\AtBegShi@Output ...ipout \box \AtBeginShipoutBox 
                                                  \fi \fi 
l.294     \newpage
                   <./Abbildungen/RAIphy_Distanzen_both.png>]
Package babel Info: Redefining ngerman shorthand "|
(babel)             in language append on input line 295.
Package babel Info: Redefining ngerman shorthand "~
(babel)             in language append on input line 295.
Package babel Info: Redefining ngerman shorthand "|
(babel)             in language append on input line 361.
Package babel Info: Redefining ngerman shorthand "~
(babel)             in language append on input line 361.
Package babel Info: Redefining ngerman shorthand "|
(babel)             in language append on input line 361.
Package babel Info: Redefining ngerman shorthand "~
(babel)             in language append on input line 361.
 [17pdfTeX warning (ext4): destination with the same identifier (name{table.1})
 has been already used, duplicate ignored

\AtBegShi@Output ...ipout \box \AtBeginShipoutBox 
                                                  \fi \fi 
l.361 
      pdfTeX warning (ext4): destination with the same identifier (name{table.2
}) has been already used, duplicate ignored

\AtBegShi@Output ...ipout \box \AtBeginShipoutBox 
                                                  \fi \fi 
l.361 
      ]
Package babel Info: Redefining ngerman shorthand "|
(babel)             in language append on input line 422.
Package babel Info: Redefining ngerman shorthand "~
(babel)             in language append on input line 422.
Package babel Info: Redefining ngerman shorthand "|
(babel)             in language append on input line 422.
Package babel Info: Redefining ngerman shorthand "~
(babel)             in language append on input line 422.
 [18pdfTeX warning (ext4): destination with the same identifier (name{table.3})
 has been already used, duplicate ignored

\AtBegShi@Output ...ipout \box \AtBeginShipoutBox 
                                                  \fi \fi 
l.422 
      pdfTeX warning (ext4): destination with the same identifier (name{table.4
}) has been already used, duplicate ignored

\AtBegShi@Output ...ipout \box \AtBeginShipoutBox 
                                                  \fi \fi 
l.422 
      pdfTeX warning (ext4): destination with the same identifier (name{table.5
}) has been already used, duplicate ignored

\AtBegShi@Output ...ipout \box \AtBeginShipoutBox 
                                                  \fi \fi 
l.422 
      ]
Package babel Info: Redefining ngerman shorthand "|
(babel)             in language append on input line 423.
Package babel Info: Redefining ngerman shorthand "~
(babel)             in language append on input line 423.

Underfull \hbox (badness 10000) in paragraph at lines 424--427

 []


Overfull \hbox (0.7701pt too wide) in paragraph at lines 429--440
[][]
 []

Package babel Info: Redefining ngerman shorthand "|
(babel)             in language append on input line 442.
Package babel Info: Redefining ngerman shorthand "~
(babel)             in language append on input line 442.
Package babel Info: Redefining ngerman shorthand "|
(babel)             in language append on input line 442.
Package babel Info: Redefining ngerman shorthand "~
(babel)             in language append on input line 442.
[19pdfTeX warning (ext4): destination with the same identifier (name{table.6}) 
has been already used, duplicate ignored

\AtBegShi@Output ...ipout \box \AtBeginShipoutBox 
                                                  \fi \fi 
l.442   \newpage
                pdfTeX warning (ext4): destination with the same identifier (na
me{table.7}) has been already used, duplicate ignored

\AtBegShi@Output ...ipout \box \AtBeginShipoutBox 
                                                  \fi \fi 
l.442   \newpage
                ]
Package babel Info: Redefining ngerman shorthand "|
(babel)             in language append on input line 443.
Package babel Info: Redefining ngerman shorthand "~
(babel)             in language append on input line 443.
Package babel Info: Redefining ngerman shorthand "|
(babel)             in language append on input line 451.
Package babel Info: Redefining ngerman shorthand "~
(babel)             in language append on input line 451.
Package babel Info: Redefining ngerman shorthand "|
(babel)             in language append on input line 458.
Package babel Info: Redefining ngerman shorthand "~
(babel)             in language append on input line 458.
Package babel Info: Redefining ngerman shorthand "|
(babel)             in language append on input line 458.
Package babel Info: Redefining ngerman shorthand "~
(babel)             in language append on input line 458.
 [20]
Package babel Info: Redefining ngerman shorthand "|
(babel)             in language append on input line 461.
Package babel Info: Redefining ngerman shorthand "~
(babel)             in language append on input line 461.

Underfull \hbox (badness 1102) in paragraph at lines 481--482
[]\T1/cmr/m/n/10 Gerlach W, Stoye J: Ta-xo-no-mic clas-si-fi-ca-ti-on of me-ta-
ge-no-mic shot-
 []


Underfull \hbox (badness 1320) in paragraph at lines 481--482
\T1/cmr/m/n/10 gun se-quences with CAR-MA3. Nucleic Acids Res 2011, 39(14):e91.

 []

Package babel Info: Redefining ngerman shorthand "|
(babel)             in language append on input line 503.
Package babel Info: Redefining ngerman shorthand "~
(babel)             in language append on input line 503.
Package babel Info: Redefining ngerman shorthand "|
(babel)             in language append on input line 503.
Package babel Info: Redefining ngerman shorthand "~
(babel)             in language append on input line 503.
[21]
Package atveryend Info: Empty hook `BeforeClearDocument' on input line 514.
Package babel Info: Redefining ngerman shorthand "|
(babel)             in language append on input line 514.
Package babel Info: Redefining ngerman shorthand "~
(babel)             in language append on input line 514.
Package babel Info: Redefining ngerman shorthand "|
(babel)             in language append on input line 514.
Package babel Info: Redefining ngerman shorthand "~
(babel)             in language append on input line 514.
 [22]
Package atveryend Info: Empty hook `AfterLastShipout' on input line 514.
 (./documentation_inga.aux)
Package atveryend Info: Executing hook `AtVeryEndDocument' on input line 514.
Package atveryend Info: Executing hook `AtEndAfterFileList' on input line 514.
Package rerunfilecheck Info: File `documentation_inga.out' has not changed.
(rerunfilecheck)             Checksum: 37ECB71E105C5939EB819FD9A6FBACBF;1409.
Package atveryend Info: Empty hook `AtVeryVeryEnd' on input line 514.
 ) 
Here is how much of TeX's memory you used:
 6661 strings out of 493315
 95369 string characters out of 6145892
 199263 words of memory out of 5000000
 9933 multiletter control sequences out of 15000+600000
 15168 words of font info for 31 fonts, out of 8000000 for 9000
 957 hyphenation exceptions out of 8191
 29i,9n,32p,901b,482s stack positions out of 5000i,500n,10000p,200000b,80000s
{/usr/share/texmf/fonts/enc/dvips/cm-super/cm-super-t1.enc}</usr/share/texmf/
fonts/type1/public/amsfonts/cm/cmmi7.pfb></usr/share/texmf/fonts/type1/public/a
msfonts/cm/cmr10.pfb></usr/share/texmf/fonts/type1/public/amsfonts/cm/cmsy10.pf
b></usr/share/texmf/fonts/type1/public/cm-super/sfbx0900.pfb></usr/share/texmf/
fonts/type1/public/cm-super/sfbx1000.pfb></usr/share/texmf/fonts/type1/public/c
m-super/sfbx1200.pfb></usr/share/texmf/fonts/type1/public/cm-super/sfbx1440.pfb
></usr/share/texmf/fonts/type1/public/cm-super/sfbx2074.pfb></usr/share/texmf/f
onts/type1/public/cm-super/sfcc1440.pfb></usr/share/texmf/fonts/type1/public/cm
-super/sfcc1728.pfb></usr/share/texmf/fonts/type1/public/cm-super/sfrm0900.pfb>
</usr/share/texmf/fonts/type1/public/cm-super/sfrm1000.pfb></usr/share/texmf/fo
nts/type1/public/cm-super/sfrm1200.pfb></usr/share/texmf/fonts/type1/public/cm-
super/sfti1000.pfb></usr/share/texmf/fonts/type1/public/cm-super/sfti1440.pfb><
/usr/share/texmf/fonts/type1/public/cm-super/sftt1000.pfb>
Output written on documentation_inga.pdf (22 pages, 1593661 bytes).
PDF statistics:
 395 PDF objects out of 1000 (max. 8388607)
 341 compressed objects within 4 object streams
 86 named destinations out of 1000 (max. 500000)
 222 words of extra memory for PDF output out of 10000 (max. 10000000)

